<?xml version="1.0" encoding="UTF-8"?>
<!-- Generated by org.testng.reporters.JUnitXMLReporter -->
<testsuite ignored="0" hostname="RajasekharaReddy" failures="3" tests="4" name="Test" time="65.433" errors="0" timestamp="2020-07-21T06:39:48 IST">
  <testcase classname="com.test.ScreenShottest" name="testcase1" time="7.065">
    <failure type="java.lang.AssertionError" message="expected [true] but found [false]">
      <![CDATA[java.lang.AssertionError: expected [true] but found [false]
at com.test.ScreenShottest.testcase1(ScreenShottest.java:21)
at java.base/java.util.ArrayList.forEach(ArrayList.java:1507)
... Removed 31 stack frames]]>
    </failure>
  </testcase> <!-- testcase1 -->
  <testcase classname="com.test.ScreenShottest" name="testcase2" time="7.3">
    <failure type="java.lang.AssertionError" message="expected [true] but found [false]">
      <![CDATA[java.lang.AssertionError: expected [true] but found [false]
at com.test.ScreenShottest.testcase2(ScreenShottest.java:28)
at java.base/java.util.ArrayList.forEach(ArrayList.java:1507)
... Removed 31 stack frames]]>
    </failure>
  </testcase> <!-- testcase2 -->
  <testcase classname="com.test.testClass" name="testcase3" time="7.459"/>
  <testcase classname="com.test.testClass" name="testcase4" time="7.43">
    <failure type="java.lang.AssertionError" message="expected [true] but found [false]">
      <![CDATA[java.lang.AssertionError: expected [true] but found [false]
at com.test.testClass.testcase4(testClass.java:35)
at java.base/java.util.ArrayList.forEach(ArrayList.java:1507)
... Removed 31 stack frames]]>
    </failure>
  </testcase> <!-- testcase4 -->
</testsuite> <!-- Test -->
